<?xml version="1.0" encoding="UTF-8"?>
<!-- Generated by org.testng.reporters.JUnitReportReporter -->
<testsuite hostname="LAPTOP-BPQK2HC0" name="test.java.com.smoketest.CSVAddtoCart" tests="5" failures="0" timestamp="25 Nov 2015 05:42:08 GMT" time="759.446" errors="0">
  <testcase name="testCSVData" time="173.626" classname="test.java.com.smoketest.CSVAddtoCart"/>
  <testcase name="testCSVData" time="140.599" classname="test.java.com.smoketest.CSVAddtoCart"/>
  <testcase name="testCSVData" time="151.280" classname="test.java.com.smoketest.CSVAddtoCart"/>
  <testcase name="testCSVData" time="148.213" classname="test.java.com.smoketest.CSVAddtoCart"/>
  <testcase name="testCSVData" time="145.728" classname="test.java.com.smoketest.CSVAddtoCart"/>
</testsuite> <!-- test.java.com.smoketest.CSVAddtoCart -->
