<?xml version="1.0" encoding="UTF-8"?>
<!-- Generated by org.testng.reporters.JUnitReportReporter -->
<testsuite hostname="LAPTOP-BPQK2HC0" name="test.java.com.smoke_test.CSVAddtoCart" tests="1" failures="0" timestamp="20 Nov 2015 17:00:17 GMT" time="169.784" errors="0">
  <testcase name="testCSVData" time="169.784" classname="test.java.com.smoke_test.CSVAddtoCart"/>
</testsuite> <!-- test.java.com.smoke_test.CSVAddtoCart -->
