<?xml version="1.0" encoding="UTF-8"?>
<!-- Generated by org.testng.reporters.JUnitReportReporter -->
<testsuite hostname="LAPTOP-BPQK2HC0" name="test.java.com.smoketest.LoadtimeTest" tests="1" failures="0" timestamp="4 Dec 2015 17:40:05 GMT" time="64.821" errors="0">
  <testcase name="setData" time="64.821" classname="test.java.com.smoketest.LoadtimeTest"/>
</testsuite> <!-- test.java.com.smoketest.LoadtimeTest -->
