<?xml version="1.0" encoding="UTF-8"?>
<!-- Generated by org.testng.reporters.JUnitReportReporter -->
<testsuite hostname="LAPTOP-BPQK2HC0" name="test.java.com.smoketest.RingCSVAddToCart" tests="1" failures="0" timestamp="6 Dec 2015 19:11:28 GMT" time="100.474" errors="0">
  <testcase name="testCSVData" time="100.474" classname="test.java.com.smoketest.RingCSVAddToCart"/>
</testsuite> <!-- test.java.com.smoketest.RingCSVAddToCart -->
